CSV: qr_with_q_double_20260306_002051.csv
==== double_8192 @ 2026-03-06_00:20:52 ====
n = 8192, precision = double, debug = off, time_q = on, warmup = 2, repeat = 5
matrix bytes (with ldda=8192) = 0.50 GiB, free GPU memory = 78.74 GiB
MAGMA GEQRF takes 1525.959 ms: 0.480359 TFLOPs
MAGMA ORGQR takes 98.343 ms: 7.453615 TFLOPs
MAGMA GEQRF+ORGQR total 1624.301 ms: 0.902551 TFLOPs

==== double_12288 @ 2026-03-06_00:21:05 ====
n = 12288, precision = double, debug = off, time_q = on, warmup = 2, repeat = 5
matrix bytes (with ldda=12288) = 1.12 GiB, free GPU memory = 78.74 GiB
MAGMA GEQRF takes 3418.897 ms: 0.723596 TFLOPs
MAGMA ORGQR takes 320.338 ms: 7.722780 TFLOPs
MAGMA GEQRF+ORGQR total 3739.235 ms: 1.323212 TFLOPs

==== double_16384 @ 2026-03-06_00:21:32 ====
n = 16384, precision = double, debug = off, time_q = on, warmup = 2, repeat = 5
matrix bytes (with ldda=16384) = 2.00 GiB, free GPU memory = 78.74 GiB
MAGMA GEQRF takes 6100.228 ms: 0.961286 TFLOPs
MAGMA ORGQR takes 738.513 ms: 7.940363 TFLOPs
MAGMA GEQRF+ORGQR total 6838.741 ms: 1.714954 TFLOPs

==== double_20480 @ 2026-03-06_00:22:22 ====
n = 20480, precision = double, debug = off, time_q = on, warmup = 2, repeat = 5
matrix bytes (with ldda=20480) = 3.12 GiB, free GPU memory = 78.74 GiB
MAGMA GEQRF takes 9496.975 ms: 1.205989 TFLOPs
MAGMA ORGQR takes 1530.742 ms: 7.482151 TFLOPs
MAGMA GEQRF+ORGQR total 11027.717 ms: 2.077174 TFLOPs

==== double_24576 @ 2026-03-06_00:23:41 ====
n = 24576, precision = double, debug = off, time_q = on, warmup = 2, repeat = 5
matrix bytes (with ldda=24576) = 4.50 GiB, free GPU memory = 78.74 GiB
MAGMA GEQRF takes 13733.054 ms: 1.441137 TFLOPs
MAGMA ORGQR takes 2517.324 ms: 7.862003 TFLOPs
MAGMA GEQRF+ORGQR total 16250.378 ms: 2.435784 TFLOPs

==== double_28672 @ 2026-03-06_00:25:36 ====
n = 28672, precision = double, debug = off, time_q = on, warmup = 2, repeat = 5
matrix bytes (with ldda=28672) = 6.12 GiB, free GPU memory = 78.74 GiB
MAGMA GEQRF takes 18626.167 ms: 1.687288 TFLOPs
MAGMA ORGQR takes 4020.795 ms: 7.816292 TFLOPs
MAGMA GEQRF+ORGQR total 22646.962 ms: 2.775446 TFLOPs

==== double_32768 @ 2026-03-06_00:28:17 ====
n = 32768, precision = double, debug = off, time_q = on, warmup = 2, repeat = 5
matrix bytes (with ldda=32768) = 8.00 GiB, free GPU memory = 78.74 GiB
MAGMA GEQRF takes 24423.894 ms: 1.920762 TFLOPs
MAGMA ORGQR takes 5910.879 ms: 7.936637 TFLOPs
MAGMA GEQRF+ORGQR total 30334.773 ms: 3.092985 TFLOPs

