==== float_8192 @ 2026-03-05_18:59:43 ====
n = 8192, precision = float, debug = off
warmup = 2, repeat = 10
matrix bytes (with ldda=8192) = 0.25 GiB, free GPU memory = 23.14 GiB
MAGMA LU avg 329.677 ms (best 329.297 ms): avg 1.111707 TFLOPs (best 1.112989 TFLOPs)

==== float_16384 @ 2026-03-05_18:59:49 ====
n = 16384, precision = float, debug = off
warmup = 2, repeat = 10
matrix bytes (with ldda=16384) = 1.00 GiB, free GPU memory = 23.14 GiB
MAGMA LU avg 1307.818 ms (best 1307.337 ms): avg 2.241926 TFLOPs (best 2.242751 TFLOPs)

==== float_24576 @ 2026-03-05_19:00:06 ====
n = 24576, precision = float, debug = off
warmup = 2, repeat = 10
matrix bytes (with ldda=24576) = 2.25 GiB, free GPU memory = 23.14 GiB
MAGMA LU avg 2951.788 ms (best 2950.909 ms): avg 3.352410 TFLOPs (best 3.353409 TFLOPs)

==== float_32768 @ 2026-03-05_19:00:43 ====
n = 32768, precision = float, debug = off
warmup = 2, repeat = 10
matrix bytes (with ldda=32768) = 4.00 GiB, free GPU memory = 23.14 GiB
MAGMA LU avg 5206.897 ms (best 5205.567 ms): avg 4.504842 TFLOPs (best 4.505993 TFLOPs)

==== float_40960 @ 2026-03-05_19:01:47 ====
n = 40960, precision = float, debug = off
warmup = 2, repeat = 10
matrix bytes (with ldda=40960) = 6.25 GiB, free GPU memory = 23.14 GiB
MAGMA LU avg 8472.058 ms (best 8470.878 ms): avg 5.407539 TFLOPs (best 5.408292 TFLOPs)

==== float_49152 @ 2026-03-05_19:03:30 ====
n = 49152, precision = float, debug = off
warmup = 2, repeat = 10
matrix bytes (with ldda=49152) = 9.00 GiB, free GPU memory = 23.14 GiB
MAGMA LU avg 18123.666 ms (best 18122.672 ms): avg 4.368037 TFLOPs (best 4.368276 TFLOPs)

==== float_53248 @ 2026-03-05_19:07:09 ====
n = 53248, precision = float, debug = off
warmup = 2, repeat = 10
matrix bytes (with ldda=53248) = 10.56 GiB, free GPU memory = 23.14 GiB
MAGMA LU avg 17170.833 ms (best 17167.436 ms): avg 5.861750 TFLOPs (best 5.862910 TFLOPs)

==== double_8192 @ 2026-03-05_19:10:37 ====
n = 8192, precision = double, debug = off
warmup = 2, repeat = 10
matrix bytes (with ldda=8192) = 0.50 GiB, free GPU memory = 23.14 GiB
MAGMA LU avg 402.315 ms (best 402.078 ms): avg 0.910987 TFLOPs (best 0.911525 TFLOPs)

==== double_16384 @ 2026-03-05_19:10:43 ====
n = 16384, precision = double, debug = off
warmup = 2, repeat = 10
matrix bytes (with ldda=16384) = 2.00 GiB, free GPU memory = 23.14 GiB
MAGMA LU avg 4062.995 ms (best 4061.245 ms): avg 0.721643 TFLOPs (best 0.721954 TFLOPs)

==== double_20480 @ 2026-03-05_19:11:33 ====
n = 20480, precision = double, debug = off
warmup = 2, repeat = 10
matrix bytes (with ldda=20480) = 3.12 GiB, free GPU memory = 23.14 GiB
MAGMA LU avg 6537.025 ms (best 6534.973 ms): avg 0.876029 TFLOPs (best 0.876304 TFLOPs)

==== double_24576 @ 2026-03-05_19:12:53 ====
n = 24576, precision = double, debug = off
warmup = 2, repeat = 10
matrix bytes (with ldda=24576) = 4.50 GiB, free GPU memory = 23.14 GiB
MAGMA LU avg 10192.532 ms (best 10190.890 ms): avg 0.970868 TFLOPs (best 0.971025 TFLOPs)

==== double_28672 @ 2026-03-05_19:14:57 ====
n = 28672, precision = double, debug = off
warmup = 2, repeat = 10
matrix bytes (with ldda=28672) = 6.12 GiB, free GPU memory = 23.14 GiB
MAGMA LU avg 15257.939 ms (best 15230.970 ms): avg 1.029880 TFLOPs (best 1.031704 TFLOPs)

==== double_31744 @ 2026-03-05_19:18:02 ====
n = 31744, precision = double, debug = off
warmup = 2, repeat = 10
matrix bytes (with ldda=31744) = 7.51 GiB, free GPU memory = 23.14 GiB
MAGMA LU avg 20235.987 ms (best 20234.346 ms): avg 1.053827 TFLOPs (best 1.053912 TFLOPs)

